This is pdfTeX, Version 3.14159265-2.6-1.40.16 (TeX Live 2015/Arch Linux) (preloaded format=pdflatex 2016.1.20)  12 FEB 2016 18:12
entering extended mode
 restricted \write18 enabled.
 %&-line parsing enabled.
**main.tex
(./main.tex
LaTeX2e <2015/10/01> patch level 2
Babel <3.9m> and hyphenation patterns for 79 languages loaded.
(/usr/share/texmf-dist/tex/latex/base/article.cls
Document Class: article 2014/09/29 v1.4h Standard LaTeX document class
(/usr/share/texmf-dist/tex/latex/base/size12.clo
File: size12.clo 2014/09/29 v1.4h Standard LaTeX file (size option)
)
\c@part=\count79
\c@section=\count80
\c@subsection=\count81
\c@subsubsection=\count82
\c@paragraph=\count83
\c@subparagraph=\count84
\c@figure=\count85
\c@table=\count86
\abovecaptionskip=\skip41
\belowcaptionskip=\skip42
\bibindent=\dimen102
) (./preamble.tex
(/usr/share/texmf-dist/tex/latex/geometry/geometry.sty
Package: geometry 2010/09/12 v5.6 Page Geometry

(/usr/share/texmf-dist/tex/latex/graphics/keyval.sty
Package: keyval 2014/10/28 v1.15 key=value parser (DPC)
\KV@toks@=\toks14
)
(/usr/share/texmf-dist/tex/generic/oberdiek/ifpdf.sty
Package: ifpdf 2011/01/30 v2.3 Provides the ifpdf switch (HO)
Package ifpdf Info: pdfTeX in PDF mode is detected.
)
(/usr/share/texmf-dist/tex/generic/oberdiek/ifvtex.sty
Package: ifvtex 2010/03/01 v1.5 Detect VTeX and its facilities (HO)
Package ifvtex Info: VTeX not detected.
)
(/usr/share/texmf-dist/tex/generic/ifxetex/ifxetex.sty
Package: ifxetex 2010/09/12 v0.6 Provides ifxetex conditional
)
\Gm@cnth=\count87
\Gm@cntv=\count88
\c@Gm@tempcnt=\count89
\Gm@bindingoffset=\dimen103
\Gm@wd@mp=\dimen104
\Gm@odd@mp=\dimen105
\Gm@even@mp=\dimen106
\Gm@layoutwidth=\dimen107
\Gm@layoutheight=\dimen108
\Gm@layouthoffset=\dimen109
\Gm@layoutvoffset=\dimen110
\Gm@dimlist=\toks15
)
(/usr/share/texmf-dist/tex/latex/graphics/graphicx.sty
Package: graphicx 2014/10/28 v1.0g Enhanced LaTeX Graphics (DPC,SPQR)

(/usr/share/texmf-dist/tex/latex/graphics/graphics.sty
Package: graphics 2014/10/28 v1.0p Standard LaTeX Graphics (DPC,SPQR)

(/usr/share/texmf-dist/tex/latex/graphics/trig.sty
Package: trig 1999/03/16 v1.09 sin cos tan (DPC)
)
(/usr/share/texmf-dist/tex/latex/latexconfig/graphics.cfg
File: graphics.cfg 2010/04/23 v1.9 graphics configuration of TeX Live
)
Package graphics Info: Driver file: pdftex.def on input line 94.

(/usr/share/texmf-dist/tex/latex/pdftex-def/pdftex.def
File: pdftex.def 2011/05/27 v0.06d Graphics/color for pdfTeX

(/usr/share/texmf-dist/tex/generic/oberdiek/infwarerr.sty
Package: infwarerr 2010/04/08 v1.3 Providing info/warning/error messages (HO)
)
(/usr/share/texmf-dist/tex/generic/oberdiek/ltxcmds.sty
Package: ltxcmds 2011/11/09 v1.22 LaTeX kernel commands for general use (HO)
)
\Gread@gobject=\count90
))
\Gin@req@height=\dimen111
\Gin@req@width=\dimen112
)
(/usr/share/texmf-dist/tex/latex/caption/caption.sty
Package: caption 2015/09/17 v3.3-111 Customizing captions (AR)

(/usr/share/texmf-dist/tex/latex/caption/caption3.sty
Package: caption3 2015/09/20 v1.7-115 caption3 kernel (AR)
Package caption3 Info: TeX engine: e-TeX on input line 57.
\captionmargin=\dimen113
\captionmargin@=\dimen114
\captionwidth=\dimen115
\caption@tempdima=\dimen116
\caption@indent=\dimen117
\caption@parindent=\dimen118
\caption@hangindent=\dimen119
)
\c@ContinuedFloat=\count91
)
(/usr/share/texmf-dist/tex/latex/caption/subcaption.sty
Package: subcaption 2015/09/15 v1.1-100 Sub-captions (AR)
\c@subfigure=\count92
\c@subtable=\count93
)
(/usr/share/texmf-dist/tex/latex/amsmath/amsmath.sty
Package: amsmath 2013/01/14 v2.14 AMS math features
\@mathmargin=\skip43

For additional information on amsmath, use the `?' option.
(/usr/share/texmf-dist/tex/latex/amsmath/amstext.sty
Package: amstext 2000/06/29 v2.01

(/usr/share/texmf-dist/tex/latex/amsmath/amsgen.sty
File: amsgen.sty 1999/11/30 v2.0
\@emptytoks=\toks16
\ex@=\dimen120
))
(/usr/share/texmf-dist/tex/latex/amsmath/amsbsy.sty
Package: amsbsy 1999/11/29 v1.2d
\pmbraise@=\dimen121
)
(/usr/share/texmf-dist/tex/latex/amsmath/amsopn.sty
Package: amsopn 1999/12/14 v2.01 operator names
)
\inf@bad=\count94
LaTeX Info: Redefining \frac on input line 210.
\uproot@=\count95
\leftroot@=\count96
LaTeX Info: Redefining \overline on input line 306.
\classnum@=\count97
\DOTSCASE@=\count98
LaTeX Info: Redefining \ldots on input line 378.
LaTeX Info: Redefining \dots on input line 381.
LaTeX Info: Redefining \cdots on input line 466.
\Mathstrutbox@=\box26
\strutbox@=\box27
\big@size=\dimen122
LaTeX Font Info:    Redeclaring font encoding OML on input line 566.
LaTeX Font Info:    Redeclaring font encoding OMS on input line 567.
\macc@depth=\count99
\c@MaxMatrixCols=\count100
\dotsspace@=\muskip10
\c@parentequation=\count101
\dspbrk@lvl=\count102
\tag@help=\toks17
\row@=\count103
\column@=\count104
\maxfields@=\count105
\andhelp@=\toks18
\eqnshift@=\dimen123
\alignsep@=\dimen124
\tagshift@=\dimen125
\tagwidth@=\dimen126
\totwidth@=\dimen127
\lineht@=\dimen128
\@envbody=\toks19
\multlinegap=\skip44
\multlinetaggap=\skip45
\mathdisplay@stack=\toks20
LaTeX Info: Redefining \[ on input line 2665.
LaTeX Info: Redefining \] on input line 2666.
)) (./main.aux)
\openout1 = `main.aux'.

LaTeX Font Info:    Checking defaults for OML/cmm/m/it on input line 5.
LaTeX Font Info:    ... okay on input line 5.
LaTeX Font Info:    Checking defaults for T1/cmr/m/n on input line 5.
LaTeX Font Info:    ... okay on input line 5.
LaTeX Font Info:    Checking defaults for OT1/cmr/m/n on input line 5.
LaTeX Font Info:    ... okay on input line 5.
LaTeX Font Info:    Checking defaults for OMS/cmsy/m/n on input line 5.
LaTeX Font Info:    ... okay on input line 5.
LaTeX Font Info:    Checking defaults for OMX/cmex/m/n on input line 5.
LaTeX Font Info:    ... okay on input line 5.
LaTeX Font Info:    Checking defaults for U/cmr/m/n on input line 5.
LaTeX Font Info:    ... okay on input line 5.

*geometry* driver: auto-detecting
*geometry* detected driver: pdftex
*geometry* verbose mode - [ preamble ] result:
* driver: pdftex
* paper: <default>
* layout: <same size as paper>
* layoutoffset:(h,v)=(0.0pt,0.0pt)
* modes: 
* h-part:(L,W,R)=(92.14519pt, 430.00462pt, 92.14519pt)
* v-part:(T,H,B)=(95.39737pt, 556.47656pt, 143.09605pt)
* \paperwidth=614.295pt
* \paperheight=794.96999pt
* \textwidth=430.00462pt
* \textheight=556.47656pt
* \oddsidemargin=19.8752pt
* \evensidemargin=19.8752pt
* \topmargin=-13.87262pt
* \headheight=12.0pt
* \headsep=25.0pt
* \topskip=12.0pt
* \footskip=30.0pt
* \marginparwidth=44.0pt
* \marginparsep=10.0pt
* \columnsep=10.0pt
* \skip\footins=10.8pt plus 4.0pt minus 2.0pt
* \hoffset=0.0pt
* \voffset=0.0pt
* \mag=1000
* \@twocolumnfalse
* \@twosidefalse
* \@mparswitchfalse
* \@reversemarginfalse
* (1in=72.27pt=25.4mm, 1cm=28.453pt)

(/usr/share/texmf-dist/tex/context/base/supp-pdf.mkii
[Loading MPS to PDF converter (version 2006.09.02).]
\scratchcounter=\count106
\scratchdimen=\dimen129
\scratchbox=\box28
\nofMPsegments=\count107
\nofMParguments=\count108
\everyMPshowfont=\toks21
\MPscratchCnt=\count109
\MPscratchDim=\dimen130
\MPnumerator=\count110
\makeMPintoPDFobject=\count111
\everyMPtoPDFconversion=\toks22
) (/usr/share/texmf-dist/tex/generic/oberdiek/pdftexcmds.sty
Package: pdftexcmds 2011/11/29 v0.20 Utility functions of pdfTeX for LuaTeX (HO
)

(/usr/share/texmf-dist/tex/generic/oberdiek/ifluatex.sty
Package: ifluatex 2010/03/01 v1.3 Provides the ifluatex switch (HO)
Package ifluatex Info: LuaTeX not detected.
)
Package pdftexcmds Info: LuaTeX not detected.
Package pdftexcmds Info: \pdf@primitive is available.
Package pdftexcmds Info: \pdf@ifprimitive is available.
Package pdftexcmds Info: \pdfdraftmode found.
)
(/usr/share/texmf-dist/tex/latex/oberdiek/epstopdf-base.sty
Package: epstopdf-base 2010/02/09 v2.5 Base part for package epstopdf

(/usr/share/texmf-dist/tex/latex/oberdiek/grfext.sty
Package: grfext 2010/08/19 v1.1 Manage graphics extensions (HO)

(/usr/share/texmf-dist/tex/generic/oberdiek/kvdefinekeys.sty
Package: kvdefinekeys 2011/04/07 v1.3 Define keys (HO)
))
(/usr/share/texmf-dist/tex/latex/oberdiek/kvoptions.sty
Package: kvoptions 2011/06/30 v3.11 Key value format for package options (HO)

(/usr/share/texmf-dist/tex/generic/oberdiek/kvsetkeys.sty
Package: kvsetkeys 2012/04/25 v1.16 Key value parser (HO)

(/usr/share/texmf-dist/tex/generic/oberdiek/etexcmds.sty
Package: etexcmds 2011/02/16 v1.5 Avoid name clashes with e-TeX commands (HO)
Package etexcmds Info: Could not find \expanded.
(etexcmds)             That can mean that you are not using pdfTeX 1.50 or
(etexcmds)             that some package has redefined \expanded.
(etexcmds)             In the latter case, load this package earlier.
)))
Package grfext Info: Graphics extension search list:
(grfext)             [.png,.pdf,.jpg,.mps,.jpeg,.jbig2,.jb2,.PNG,.PDF,.JPG,.JPE
G,.JBIG2,.JB2,.eps]
(grfext)             \AppendGraphicsExtensions on input line 452.

(/usr/share/texmf-dist/tex/latex/latexconfig/epstopdf-sys.cfg
File: epstopdf-sys.cfg 2010/07/13 v1.3 Configuration of (r)epstopdf for TeX Liv
e
))
Package caption Info: Begin \AtBeginDocument code.
Package caption Info: End \AtBeginDocument code.
 (./1.tex
LaTeX Font Info:    Try loading font information for OMS+cmr on input line 7.

(/usr/share/texmf-dist/tex/latex/base/omscmr.fd
File: omscmr.fd 2014/09/29 v2.5h Standard LaTeX font definitions
)
LaTeX Font Info:    Font shape `OMS/cmr/m/n' in size <12> not available
(Font)              Font shape `OMS/cmsy/m/n' tried instead on input line 7.
 [1

{/var/lib/texmf/fonts/map/pdftex/updmap/pdftex.map}]
*geometry* verbose mode - [ newgeometry ] result:
* driver: pdftex
* paper: <default>
* layout: <same size as paper>
* layoutoffset:(h,v)=(0.0pt,0.0pt)
* modes: 
* h-part:(L,W,R)=(14.22636pt, 585.84227pt, 14.22636pt)
* v-part:(T,H,B)=(5.69046pt, 752.29086pt, 36.98866pt)
* \paperwidth=614.295pt
* \paperheight=794.96999pt
* \textwidth=585.84227pt
* \textheight=752.29086pt
* \oddsidemargin=-58.04362pt
* \evensidemargin=-58.04362pt
* \topmargin=-103.57953pt
* \headheight=12.0pt
* \headsep=25.0pt
* \topskip=12.0pt
* \footskip=30.0pt
* \marginparwidth=44.0pt
* \marginparsep=10.0pt
* \columnsep=10.0pt
* \skip\footins=10.8pt plus 4.0pt minus 2.0pt
* \hoffset=0.0pt
* \voffset=0.0pt
* \mag=1000
* \@twocolumnfalse
* \@twosidefalse
* \@mparswitchfalse
* \@reversemarginfalse
* (1in=72.27pt=25.4mm, 1cm=28.453pt)

 <../dia/01.pdf, id=9, 281.05pt x 136.51pt>
File: ../dia/01.pdf Graphic file (type pdf)

<use ../dia/01.pdf>
Package pdftex.def Info: ../dia/01.pdf used on input line 28.
(pdftex.def)             Requested size: 175.75446pt x 85.36644pt.
 <../dia/02.pdf, id=10, 254.9525pt x 136.51pt>
File: ../dia/02.pdf Graphic file (type pdf)

<use ../dia/02.pdf>
Package pdftex.def Info: ../dia/02.pdf used on input line 34.
(pdftex.def)             Requested size: 175.75446pt x 94.10867pt.
 <../dia/03.pdf, id=11, 317.185pt x 128.48pt>
File: ../dia/03.pdf Graphic file (type pdf)

<use ../dia/03.pdf>
Package pdftex.def Info: ../dia/03.pdf used on input line 40.
(pdftex.def)             Requested size: 175.75446pt x 71.19353pt.
 <../dia/04.pdf, id=12, 311.1625pt x 124.465pt>
File: ../dia/04.pdf Graphic file (type pdf)

<use ../dia/04.pdf>
Package pdftex.def Info: ../dia/04.pdf used on input line 47.
(pdftex.def)             Requested size: 175.75446pt x 70.30196pt.
 <../dia/05.pdf, id=13, 326.21875pt x 126.4725pt>
File: ../dia/05.pdf Graphic file (type pdf)

<use ../dia/05.pdf>
Package pdftex.def Info: ../dia/05.pdf used on input line 53.
(pdftex.def)             Requested size: 175.75446pt x 68.14166pt.
 <../dia/06.pdf, id=14, 309.155pt x 125.46875pt>
File: ../dia/06.pdf Graphic file (type pdf)

<use ../dia/06.pdf>
Package pdftex.def Info: ../dia/06.pdf used on input line 59.
(pdftex.def)             Requested size: 175.75446pt x 71.33029pt.
 <../dia/07.pdf, id=15, 318.18875pt x 126.4725pt>
File: ../dia/07.pdf Graphic file (type pdf)

<use ../dia/07.pdf>
Package pdftex.def Info: ../dia/07.pdf used on input line 66.
(pdftex.def)             Requested size: 175.75446pt x 69.85727pt.
 <../dia/08.pdf, id=16, 312.16624pt x 125.46875pt>
File: ../dia/08.pdf Graphic file (type pdf)

<use ../dia/08.pdf>
Package pdftex.def Info: ../dia/08.pdf used on input line 72.
(pdftex.def)             Requested size: 175.75446pt x 70.64108pt.
 <../dia/09.pdf, id=17, 315.1775pt x 127.47626pt>
File: ../dia/09.pdf Graphic file (type pdf)

<use ../dia/09.pdf>
Package pdftex.def Info: ../dia/09.pdf used on input line 78.
(pdftex.def)             Requested size: 175.75446pt x 71.08472pt.
 <../dia/10.pdf, id=18, 280.04625pt x 136.51pt>
File: ../dia/10.pdf Graphic file (type pdf)

<use ../dia/10.pdf>
Package pdftex.def Info: ../dia/10.pdf used on input line 85.
(pdftex.def)             Requested size: 175.75446pt x 85.67471pt.
 <../dia/11.pdf, id=19, 315.1775pt x 127.47626pt>
File: ../dia/11.pdf Graphic file (type pdf)

<use ../dia/11.pdf>
Package pdftex.def Info: ../dia/11.pdf used on input line 91.
(pdftex.def)             Requested size: 175.75446pt x 71.08472pt.
 <../dia/12.pdf, id=20, 369.38pt x 126.4725pt>
File: ../dia/12.pdf Graphic file (type pdf)

<use ../dia/12.pdf>
Package pdftex.def Info: ../dia/12.pdf used on input line 97.
(pdftex.def)             Requested size: 175.75446pt x 60.17734pt.
 <../dia/13.pdf, id=21, 314.17375pt x 126.4725pt>
File: ../dia/13.pdf Graphic file (type pdf)

<use ../dia/13.pdf>
Package pdftex.def Info: ../dia/13.pdf used on input line 104.
(pdftex.def)             Requested size: 175.75446pt x 70.75078pt.
 <../dia/14.pdf, id=22, 309.155pt x 126.4725pt>
File: ../dia/14.pdf Graphic file (type pdf)

<use ../dia/14.pdf>
Package pdftex.def Info: ../dia/14.pdf used on input line 110.
(pdftex.def)             Requested size: 175.75446pt x 71.90094pt.
 <../dia/15.pdf, id=23, 314.17375pt x 127.47626pt>
File: ../dia/15.pdf Graphic file (type pdf)

<use ../dia/15.pdf>
Package pdftex.def Info: ../dia/15.pdf used on input line 116.
(pdftex.def)             Requested size: 175.75446pt x 71.31229pt.
 <../dia/16.pdf, id=24, 311.1625pt x 126.4725pt>
File: ../dia/16.pdf Graphic file (type pdf)

<use ../dia/16.pdf>
Package pdftex.def Info: ../dia/16.pdf used on input line 123.
(pdftex.def)             Requested size: 175.75446pt x 71.43585pt.
 <../dia/17.pdf, id=25, 250.9375pt x 133.49875pt>
File: ../dia/17.pdf Graphic file (type pdf)

<use ../dia/17.pdf>
Package pdftex.def Info: ../dia/17.pdf used on input line 129.
(pdftex.def)             Requested size: 175.75446pt x 93.5055pt.
 <../dia/18.pdf, id=26, 316.18124pt x 124.465pt>
File: ../dia/18.pdf Graphic file (type pdf)

<use ../dia/18.pdf>
Package pdftex.def Info: ../dia/18.pdf used on input line 135.
(pdftex.def)             Requested size: 175.75446pt x 69.18713pt.


LaTeX Warning: `h' float specifier changed to `ht'.

<../dia/19.pdf, id=27, 250.9375pt x 142.5325pt>
File: ../dia/19.pdf Graphic file (type pdf)
 <use ../dia/19.pdf>
Package pdftex.def Info: ../dia/19.pdf used on input line 143.
(pdftex.def)             Requested size: 175.75446pt x 99.83295pt.

<../dia/20.pdf, id=28, 315.1775pt x 127.47626pt>
File: ../dia/20.pdf Graphic file (type pdf)
 <use ../dia/20.pdf>
Package pdftex.def Info: ../dia/20.pdf used on input line 149.
(pdftex.def)             Requested size: 175.75446pt x 71.08472pt.


LaTeX Warning: `h' float specifier changed to `ht'.

[2 <../dia/01.pdf> <../dia/02.pdf> <../dia/03.pdf> <../dia/04.pdf> <../dia/05.p
df> <../dia/06.pdf> <../dia/07.pdf> <../dia/08.pdf> <../dia/09.pdf> <../dia/10.
pdf> <../dia/11.pdf> <../dia/12.pdf> <../dia/13.pdf> <../dia/14.pdf> <../dia/15
.pdf> <../dia/16.pdf> <../dia/17.pdf> <../dia/18.pdf>] [3 <../dia/19.pdf> <../d
ia/20.pdf>]) (./2.tex [4


]) (./3.tex) [5] (./main.aux) ) 
Here is how much of TeX's memory you used:
 3842 strings out of 493054
 56668 string characters out of 6140586
 129735 words of memory out of 5000000
 7306 multiletter control sequences out of 15000+600000
 9708 words of font info for 35 fonts, out of 8000000 for 9000
 1141 hyphenation exceptions out of 8191
 38i,8n,38p,253b,489s stack positions out of 5000i,500n,10000p,200000b,80000s
</usr/share/texmf-dist/fonts/type1/public/amsfon
ts/cm/cmbx12.pfb></usr/share/texmf-dist/fonts/type1/public/amsfonts/cm/cmex10.p
fb></usr/share/texmf-dist/fonts/type1/public/amsfonts/cm/cmmi10.pfb></usr/share
/texmf-dist/fonts/type1/public/amsfonts/cm/cmmi12.pfb></usr/share/texmf-dist/fo
nts/type1/public/amsfonts/cm/cmmi8.pfb></usr/share/texmf-dist/fonts/type1/publi
c/amsfonts/cm/cmr10.pfb></usr/share/texmf-dist/fonts/type1/public/amsfonts/cm/c
mr12.pfb></usr/share/texmf-dist/fonts/type1/public/amsfonts/cm/cmr6.pfb></usr/s
hare/texmf-dist/fonts/type1/public/amsfonts/cm/cmr8.pfb></usr/share/texmf-dist/
fonts/type1/public/amsfonts/cm/cmsy10.pfb></usr/share/texmf-dist/fonts/type1/pu
blic/amsfonts/cm/cmsy8.pfb>
Output written on main.pdf (5 pages, 685727 bytes).
PDF statistics:
 430 PDF objects out of 1000 (max. 8388607)
 298 compressed objects within 3 object streams
 0 named destinations out of 1000 (max. 500000)
 101 words of extra memory for PDF output out of 10000 (max. 10000000)

